\BOOKMARK [0][-]{chapter.1}{\376\377\000P\000r\000e\000s\000e\000n\000t\000a\000s\000j\000o\000n}{}% 1
\BOOKMARK [0][-]{chapter.2}{\376\377\000S\000a\000m\000m\000e\000n\000d\000r\000a\000g}{}% 2
\BOOKMARK [0][-]{chapter.3}{\376\377\000D\000a\000g\000e\000n\000s\000\040\000s\000i\000t\000u\000a\000s\000j\000o\000n}{}% 3
\BOOKMARK [0][-]{chapter.4}{\376\377\000M\000\345\000l\000\040\000o\000g\000\040\000r\000a\000m\000m\000e\000b\000e\000t\000i\000n\000g\000e\000l\000s\000e\000r}{}% 4
\BOOKMARK [1][-]{section.4.1}{\376\377\000M\000\345\000l}{chapter.4}% 5
\BOOKMARK [1][-]{section.4.2}{\376\377\000R\000a\000m\000m\000e\000b\000e\000t\000i\000n\000g\000e\000l\000s\000e\000r}{chapter.4}% 6
\BOOKMARK [1][-]{section.4.3}{\376\377\000T\000e\000k\000n\000o\000l\000o\000g\000i}{chapter.4}% 7
\BOOKMARK [2][-]{subsection.4.3.1}{\376\377\000G\000i\000t\000\040\000m\000e\000d\000\040\000G\000i\000t\000h\000u\000b}{section.4.3}% 8
\BOOKMARK [2][-]{subsection.4.3.2}{\376\377\000P\000y\000t\000h\000o\000n\0003\000\040\000m\000e\000d\000\040\000T\000e\000n\000s\000o\000r\000f\000l\000o\000w}{section.4.3}% 9
\BOOKMARK [2][-]{subsection.4.3.3}{\376\377\000C\000\043\000\040\000i\000\040\000b\000a\000c\000k\000e\000n\000d}{section.4.3}% 10
\BOOKMARK [2][-]{subsection.4.3.4}{\376\377\000C\000l\000i\000c\000k\000u\000p\000\040\000f\000o\000r\000\040\000p\000r\000o\000s\000j\000e\000k\000t\000s\000t\000y\000r\000i\000n\000g}{section.4.3}% 11
\BOOKMARK [2][-]{subsection.4.3.5}{\376\377\000L\000a\000T\000e\000X\000f\000o\000r\000\040\000r\000a\000p\000p\000o\000r\000t\000s\000k\000r\000i\000v\000i\000n\000g}{section.4.3}% 12
\BOOKMARK [2][-]{subsection.4.3.6}{\376\377\000T\000e\000a\000m\000s\000,\000\040\000Z\000o\000o\000m\000\040\000o\000g\000\040\000D\000i\000s\000c\000o\000r\000d}{section.4.3}% 13
\BOOKMARK [0][-]{chapter.5}{\376\377\000L\000\370\000s\000n\000i\000n\000g\000e\000r\000/\000a\000l\000t\000e\000r\000n\000a\000t\000i\000v\000e\000r}{}% 14
\BOOKMARK [1][-]{section.5.1}{\376\377\000F\000o\000r\000e\000s\000l\000\345\000t\000t\000\040\000l\000\370\000s\000n\000i\000n\000g\000s\000m\000o\000d\000e\000l\000l}{chapter.5}% 15
\BOOKMARK [1][-]{section.5.2}{\376\377\000A\000l\000t\000e\000r\000n\000a\000t\000i\000v\000e\000\040\000l\000\370\000s\000n\000i\000n\000g\000e\000r}{chapter.5}% 16
\BOOKMARK [0][-]{chapter.6}{\376\377\000A\000n\000a\000l\000y\000s\000e\000\040\000a\000v\000\040\000v\000i\000r\000k\000n\000i\000n\000g\000e\000r}{}% 17
\BOOKMARK [1][-]{section.6.1}{\376\377\000S\000e\000n\000t\000r\000a\000l\000i\000s\000e\000r\000t\000\040\000s\000y\000s\000t\000e\000m}{chapter.6}% 18
\BOOKMARK [1][-]{section.6.2}{\376\377\000D\000e\000s\000e\000n\000t\000r\000a\000l\000i\000s\000e\000r\000t\000\040\000s\000y\000s\000t\000e\000m}{chapter.6}% 19
\BOOKMARK [0][-]{chapter.7}{\376\377\000A\000r\000b\000e\000i\000d\000s\000p\000l\000a\000n\000\040\000o\000g\000\040\000f\000r\000e\000m\000d\000r\000i\000f\000t\000s\000p\000l\000a\000n}{}% 20
\BOOKMARK [1][-]{section.7.1}{\376\377\000A\000r\000b\000e\000i\000d\000s\000m\000e\000t\000o\000d\000i\000k\000k}{chapter.7}% 21
\BOOKMARK [2][-]{subsection.7.1.1}{\376\377\000G\000a\000n\000t\000t\000-\000d\000i\000a\000g\000r\000a\000m}{section.7.1}% 22
\BOOKMARK [2][-]{subsection.7.1.2}{\376\377\000K\000a\000n\000b\000a\000n}{section.7.1}% 23
\BOOKMARK [2][-]{subsection.7.1.3}{\376\377\000S\000c\000r\000u\000m}{section.7.1}% 24
\BOOKMARK [2][-]{subsection.7.1.4}{\376\377\000A\000r\000b\000e\000i\000d\000s\000d\000a\000g\000e\000r\000\040\000o\000g\000\040\000m\000\370\000t\000e\000\040\000m\000e\000d\000\040\000v\000e\000i\000l\000e\000d\000e\000r\000e}{section.7.1}% 25
\BOOKMARK [0][-]{subsection.7.1.4}{\376\377\000B\000i\000b\000l\000i\000o\000g\000r\000a\000f\000i}{}% 26
